This is pdfTeX, Version 3.141592653-2.6-1.40.25 (TeX Live 2023/Debian) (preloaded format=pdflatex 2024.11.3)  3 NOV 2024 10:52
entering extended mode
 restricted \write18 enabled.
 file:line:error style messages enabled.
 %&-line parsing enabled.
**"/home/mazroj/Documents/JupyterNotebooks/Sociophysics/Rise of an alternative majority against mass media in an opinion formation model/template.tex"
(/home/mazroj/Documents/JupyterNotebooks/Sociophysics/Rise of an alternative majority against mass media in an opinion formation model/template.tex
LaTeX2e <2023-11-01> patch level 1
L3 programming layer <2024-01-22>
(/usr/share/texlive/texmf-dist/tex/latex/revtex/revtex4-2.cls
Document Class: revtex4-2 2022/06/05 4.2f (https://journals.aps.org/revtex/ for documentation)
 Copyright (c) 2019 American Physical Society.
 mailto:revtex@aps.org
 Licensed under the LPPL:
http://www.ctan.org/tex-archive/macros/latex/base/lppl.txt
 Arthur Ogawa <arthur_ogawa at sbcglobal dot net>
 Based on work by David Carlisle <david at dcarlisle.demon.co.uk>
 Version (4.2d--4.2f): Modified by Mark Doyle and Phelype Oleinik
 .
ltxutil[2022/06/05 4.2f utilities package (portions licensed from W. E. Baxter web at superscript.com)]
LaTeX Info: Redefining \@centercr on input line 356.
Class revtex4-2 Info: Repairing broken LaTeX eqnarray on input line 417.
\eqncolsep=\skip48
Class revtex4-2 Info: Repairing hyperref-unfriendly LaTeX definition of \mpfootnote on input line 492.
Class revtex4-2 Info: Repairing broken LateX \@sect on input line 814.
\intertabularlinepenalty=\count187
\@tbpen=\count188
\@arstrutbox@hline=\box51
Class revtex4-2 Info: Repairing broken LaTeX \@xbitor on input line 1845.
Class revtex4-2 Info: Making \typeout \long on input line 2110.
ltxfront[2022/06/05 4.2f frontmatter package (AO,DPC,MD)]
\c@affil=\count189
\c@collab=\count190
\absbox=\box52
ltxgrid[2022/06/05 4.2f page grid package (portions licensed from W. E. Baxter web at superscript.com)]
\c@linecount=\count191
\output@latex=\toks17
\box@size@1=\box53
\box@size@2=\box54
\@protection@box=\box55
\@topmark@saved=\toks18
\footins@saved=\box56
\footins@recovered=\box57
\column@recovered=\box58
\pagesofar=\box59
\footsofar=\box60
\pagegrid@col=\count192
Class revtex4-2 Info: Overriding \@vspace, \@vspacer, \@no@pgbk, \@newline, and \\  on input line 5676.
\c@part=\count193
\c@section=\count194
\c@subsection=\count195
\c@subsubsection=\count196
\c@paragraph=\count197
\c@subparagraph=\count198
\abovecaptionskip=\skip49
\belowcaptionskip=\skip50
\c@figure=\count199
\fbox@1=\box61
\c@table=\count266
\fbox@2=\box62
\c@video=\count267
\fbox@4=\box63
\@bibdataout=\write3
\widetext@top=\box64
\widetext@bot=\box65
Class revtex4-2 Info: Selecting society aps on input line 7669.
(/usr/share/texlive/texmf-dist/tex/latex/revtex/aps4-2.rtx
File: aps4-2 2022/06/05 4.2f (https://journals.aps.org/revtex/ for documentation)
Class revtex4-2 Info: RevTeX society APS selected on input line 40.
)

Class revtex4-2 Warning: No journal specified, using default pra.

Class revtex4-2 Info: APS journal PRA selected on input line 7672.
(/usr/share/texlive/texmf-dist/tex/latex/revtex/aps10pt4-2.rtx
File: aps10pt4-2 2022/06/05 4.2f (https://journals.aps.org/revtex/ for documentation)
Class revtex4-2 Info: RevTeX pointsize 10pt selected on input line 39.
) (/usr/share/texlive/texmf-dist/tex/latex/textcase/textcase.sty
Package: textcase 2023/07/27 v1.04 Text only upper/lower case changing (DPC)
Package textcase Info: Defining Legacy names on input line 20.
) (/usr/share/texlive/texmf-dist/tex/latex/amsfonts/amssymb.sty
Package: amssymb 2013/01/14 v3.01 AMS font symbols
 (/usr/share/texlive/texmf-dist/tex/latex/amsfonts/amsfonts.sty
Package: amsfonts 2013/01/14 v3.01 Basic AMSFonts support
\@emptytoks=\toks19
\symAMSa=\mathgroup4
\symAMSb=\mathgroup5
LaTeX Font Info:    Redeclaring math symbol \hbar on input line 98.
LaTeX Font Info:    Overwriting math alphabet `\mathfrak' in version `bold'
(Font)                  U/euf/m/n --> U/euf/b/n on input line 106.
)) (/usr/share/texlive/texmf-dist/tex/latex/amsmath/amsmath.sty
Package: amsmath 2023/05/13 v2.17o AMS math features
\@mathmargin=\skip51

For additional information on amsmath, use the `?' option.
(/usr/share/texlive/texmf-dist/tex/latex/amsmath/amstext.sty
Package: amstext 2021/08/26 v2.01 AMS text
 (/usr/share/texlive/texmf-dist/tex/latex/amsmath/amsgen.sty
File: amsgen.sty 1999/11/30 v2.0 generic functions
\@emptytoks=\toks20
\ex@=\dimen140
)
LaTeX Info: Redefining \text on input line 28.
) (/usr/share/texlive/texmf-dist/tex/latex/amsmath/amsbsy.sty
Package: amsbsy 1999/11/29 v1.2d Bold Symbols
\pmbraise@=\dimen141
) (/usr/share/texlive/texmf-dist/tex/latex/amsmath/amsopn.sty
Package: amsopn 2022/04/08 v2.04 operator names
)
\inf@bad=\count268
LaTeX Info: Redefining \frac on input line 234.
\uproot@=\count269
\leftroot@=\count270
LaTeX Info: Redefining \overline on input line 399.
LaTeX Info: Redefining \colon on input line 410.
\classnum@=\count271
\DOTSCASE@=\count272
LaTeX Info: Redefining \ldots on input line 496.
LaTeX Info: Redefining \dots on input line 499.
LaTeX Info: Redefining \cdots on input line 620.
\Mathstrutbox@=\box66
\strutbox@=\box67
LaTeX Info: Redefining \big on input line 722.
LaTeX Info: Redefining \Big on input line 723.
LaTeX Info: Redefining \bigg on input line 724.
LaTeX Info: Redefining \Bigg on input line 725.
\big@size=\dimen142
LaTeX Font Info:    Redeclaring font encoding OML on input line 743.
LaTeX Font Info:    Redeclaring font encoding OMS on input line 744.
\macc@depth=\count273
LaTeX Info: Redefining \bmod on input line 905.
LaTeX Info: Redefining \pmod on input line 910.
LaTeX Info: Redefining \smash on input line 940.
LaTeX Info: Redefining \relbar on input line 970.
LaTeX Info: Redefining \Relbar on input line 971.
\c@MaxMatrixCols=\count274
\dotsspace@=\muskip16
\c@parentequation=\count275
\dspbrk@lvl=\count276
\tag@help=\toks21
\row@=\count277
\column@=\count278
\maxfields@=\count279
\andhelp@=\toks22
\eqnshift@=\dimen143
\alignsep@=\dimen144
\tagshift@=\dimen145
\tagwidth@=\dimen146
\totwidth@=\dimen147
\lineht@=\dimen148
\@envbody=\toks23
\multlinegap=\skip52
\multlinetaggap=\skip53
\mathdisplay@stack=\toks24
LaTeX Info: Redefining \[ on input line 2953.
LaTeX Info: Redefining \] on input line 2954.
) (/usr/share/texlive/texmf-dist/tex/latex/url/url.sty
\Urlmuskip=\muskip17
Package: url 2013/09/16  ver 3.4  Verb mode for urls, etc.
) (/usr/share/texlive/texmf-dist/tex/latex/natbib/natbib.sty
Package: natbib 2010/09/13 8.31b (PWD, AO)
\bibhang=\skip54
\bibsep=\skip55
LaTeX Info: Redefining \cite on input line 694.
\c@NAT@ctr=\count280
)
Class revtex4-2 Info: Repairing natbib's \BibitemShut on input line 7676.
 (/usr/share/texlive/texmf-dist/tex/latex/revtex/revsymb4-2.sty
Package: revsymb4-2 2022/06/05 4.2f (https://journals.aps.org/revtex/ for documentation)
LaTeX Info: Redefining \frak on input line 104.
LaTeX Info: Redefining \Bbb on input line 120.
LaTeX Info: Redefining \REV@mathfrak on input line 128.
)) (/usr/share/texlive/texmf-dist/tex/latex/graphics/graphicx.sty
Package: graphicx 2021/09/16 v1.2d Enhanced LaTeX Graphics (DPC,SPQR)
 (/usr/share/texlive/texmf-dist/tex/latex/graphics/keyval.sty
Package: keyval 2022/05/29 v1.15 key=value parser (DPC)
\KV@toks@=\toks25
) (/usr/share/texlive/texmf-dist/tex/latex/graphics/graphics.sty
Package: graphics 2022/03/10 v1.4e Standard LaTeX Graphics (DPC,SPQR)
 (/usr/share/texlive/texmf-dist/tex/latex/graphics/trig.sty
Package: trig 2021/08/11 v1.11 sin cos tan (DPC)
) (/usr/share/texlive/texmf-dist/tex/latex/graphics-cfg/graphics.cfg
File: graphics.cfg 2016/06/04 v1.11 sample graphics configuration
)
Package graphics Info: Driver file: pdftex.def on input line 107.
 (/usr/share/texlive/texmf-dist/tex/latex/graphics-def/pdftex.def
File: pdftex.def 2022/09/22 v1.2b Graphics/color driver for pdftex
))
\Gin@req@height=\dimen149
\Gin@req@width=\dimen150
) (/usr/share/texlive/texmf-dist/tex/latex/tools/dcolumn.sty
Package: dcolumn 2023/07/08 v1.06 decimal alignment package (DPC)
 (/usr/share/texlive/texmf-dist/tex/latex/tools/array.sty
Package: array 2023/10/16 v2.5g Tabular extension package (FMi)
\col@sep=\dimen151
\ar@mcellbox=\box68
\extrarowheight=\dimen152
\NC@list=\toks26
\extratabsurround=\skip56
\backup@length=\skip57
\ar@cellbox=\box69
)) (/usr/share/texlive/texmf-dist/tex/latex/base/inputenc.sty
Package: inputenc 2021/02/14 v1.3d Input encoding file
\inpenc@prehook=\toks27
\inpenc@posthook=\toks28
) (/usr/share/texlive/texmf-dist/tex/generic/babel/babel.sty
Package: babel 2024/01/07 v24.1 The Babel package
\babel@savecnt=\count281
\U@D=\dimen153
\l@unhyphenated=\language9
 (/usr/share/texlive/texmf-dist/tex/generic/babel/txtbabel.def)
\bbl@readstream=\read2
\bbl@dirlevel=\count282
 (/usr/share/texlive/texmf-dist/tex/generic/babel-english/english.ldf
Language: english 2017/06/06 v3.3r English support from the babel system
Package babel Info: Hyphen rules for 'british' set to \l@english
(babel)             (\language0). Reported on input line 82.
Package babel Info: Hyphen rules for 'UKenglish' set to \l@english
(babel)             (\language0). Reported on input line 83.
Package babel Info: Hyphen rules for 'canadian' set to \l@english
(babel)             (\language0). Reported on input line 102.
Package babel Info: Hyphen rules for 'australian' set to \l@english
(babel)             (\language0). Reported on input line 105.
Package babel Info: Hyphen rules for 'newzealand' set to \l@english
(babel)             (\language0). Reported on input line 108.
)) (/usr/share/texlive/texmf-dist/tex/generic/babel/locale/en/babel-english.tex
Package babel Info: Importing font and identification data for english
(babel)             from babel-en.ini. Reported on input line 11.
) (/usr/share/texlive/texmf-dist/tex/latex/biblatex/biblatex.sty
Package: biblatex 2023/03/05 v3.19 programmable bibliographies (PK/MW)
 (/usr/share/texlive/texmf-dist/tex/generic/pdftexcmds/pdftexcmds.sty
Package: pdftexcmds 2020-06-27 v0.33 Utility functions of pdfTeX for LuaTeX (HO)
 (/usr/share/texlive/texmf-dist/tex/generic/infwarerr/infwarerr.sty
Package: infwarerr 2019/12/03 v1.5 Providing info/warning/error messages (HO)
) (/usr/share/texlive/texmf-dist/tex/generic/iftex/iftex.sty
Package: iftex 2022/02/03 v1.0f TeX engine tests
) (/usr/share/texlive/texmf-dist/tex/generic/ltxcmds/ltxcmds.sty
Package: ltxcmds 2023-12-04 v1.26 LaTeX kernel commands for general use (HO)
)
Package pdftexcmds Info: \pdf@primitive is available.
Package pdftexcmds Info: \pdf@ifprimitive is available.
Package pdftexcmds Info: \pdfdraftmode found.
) (/usr/share/texlive/texmf-dist/tex/latex/etoolbox/etoolbox.sty
Package: etoolbox 2020/10/05 v2.5k e-TeX tools for LaTeX (JAW)
\etb@tempcnta=\count283
) (/usr/share/texlive/texmf-dist/tex/latex/kvoptions/kvoptions.sty
Package: kvoptions 2022-06-15 v3.15 Key value format for package options (HO)
 (/usr/share/texlive/texmf-dist/tex/latex/kvsetkeys/kvsetkeys.sty
Package: kvsetkeys 2022-10-05 v1.19 Key value parser (HO)
)) (/usr/share/texlive/texmf-dist/tex/latex/logreq/logreq.sty
Package: logreq 2010/08/04 v1.0 xml request logger
\lrq@indent=\count284
 (/usr/share/texlive/texmf-dist/tex/latex/logreq/logreq.def
File: logreq.def 2010/08/04 v1.0 logreq spec v1.0
)) (/usr/share/texlive/texmf-dist/tex/latex/base/ifthen.sty
Package: ifthen 2022/04/13 v1.1d Standard LaTeX ifthen package (DPC)
)

/usr/share/texlive/texmf-dist/tex/latex/biblatex/biblatex.sty:212: Package biblatex Error: Incompatible package 'natbib'.

See the biblatex package documentation for explanation.
Type  H <return>  for immediate help.
 ...                                              
                                                  
l.212 \blx@packageincompatibility
                                 
The 'natbib' package and biblatex are incompatible.

\c@tabx@nest=\count285
\c@listtotal=\count286
\c@listcount=\count287
\c@liststart=\count288
\c@liststop=\count289
\c@citecount=\count290
\c@citetotal=\count291
\c@multicitecount=\count292
\c@multicitetotal=\count293
\c@instcount=\count294
\c@maxnames=\count295
\c@minnames=\count296
\c@maxitems=\count297
\c@minitems=\count298
\c@citecounter=\count299
\c@maxcitecounter=\count300
\c@savedcitecounter=\count301
\c@uniquelist=\count302
\c@uniquename=\count303
\c@refsection=\count304
\c@refsegment=\count305
\c@maxextratitle=\count306
\c@maxextratitleyear=\count307
\c@maxextraname=\count308
\c@maxextradate=\count309
\c@maxextraalpha=\count310
\c@abbrvpenalty=\count311
\c@highnamepenalty=\count312
\c@lownamepenalty=\count313
\c@maxparens=\count314
\c@parenlevel=\count315
\blx@tempcnta=\count316
\blx@tempcntb=\count317
\blx@tempcntc=\count318
\c@blx@maxsection=\count319
\blx@maxsegment@0=\count320
\blx@notetype=\count321
\blx@parenlevel@text=\count322
\blx@parenlevel@foot=\count323
\blx@sectionciteorder@0=\count324
\blx@sectionciteorderinternal@0=\count325
\blx@entrysetcounter=\count326
\blx@biblioinstance=\count327
\labelnumberwidth=\skip58
\labelalphawidth=\skip59
\biblabelsep=\skip60
\bibitemsep=\skip61
\bibnamesep=\skip62
\bibinitsep=\skip63
\bibparsep=\skip64

/usr/share/texlive/texmf-dist/tex/latex/biblatex/biblatex.sty:908: LaTeX Error: Command \bibhang already defined.
               Or name \end... illegal, see p.192 of the manual.

See the LaTeX manual or LaTeX Companion for explanation.
Type  H <return>  for immediate help.
 ...                                              
                                                  
l.908 \newlength{\bibhang}
                          
Your command was ignored.
Type  I <command> <return>  to replace it with another command,
or  <return>  to continue without it.

\blx@bcfin=\read3
\blx@bcfout=\write4
\blx@langwohyphens=\language10
\c@mincomprange=\count328
\c@maxcomprange=\count329
\c@mincompwidth=\count330
Package biblatex Info: Trying to load biblatex default data model...
Package biblatex Info: ... file 'blx-dm.def' found.
(/usr/share/texlive/texmf-dist/tex/latex/biblatex/blx-dm.def
File: blx-dm.def 2023/03/05 v3.19 biblatex localization (PK/MW)
)
Package biblatex Info: Trying to load biblatex custom data model...
Package biblatex Info: ... file 'biblatex-dm.cfg' not found.
\c@afterword=\count331
\c@savedafterword=\count332
\c@annotator=\count333
\c@savedannotator=\count334
\c@author=\count335
\c@savedauthor=\count336
\c@bookauthor=\count337
\c@savedbookauthor=\count338
\c@commentator=\count339
\c@savedcommentator=\count340
\c@editor=\count341
\c@savededitor=\count342
\c@editora=\count343
\c@savededitora=\count344
\c@editorb=\count345
\c@savededitorb=\count346
\c@editorc=\count347
\c@savededitorc=\count348
\c@foreword=\count349
\c@savedforeword=\count350
\c@holder=\count351
\c@savedholder=\count352
\c@introduction=\count353
\c@savedintroduction=\count354
\c@namea=\count355
\c@savednamea=\count356
\c@nameb=\count357
\c@savednameb=\count358
\c@namec=\count359
\c@savednamec=\count360
\c@translator=\count361
\c@savedtranslator=\count362
\c@shortauthor=\count363
\c@savedshortauthor=\count364
\c@shorteditor=\count365
\c@savedshorteditor=\count366
\c@labelname=\count367
\c@savedlabelname=\count368
\c@institution=\count369
\c@savedinstitution=\count370
\c@lista=\count371
\c@savedlista=\count372
\c@listb=\count373
\c@savedlistb=\count374
\c@listc=\count375
\c@savedlistc=\count376
\c@listd=\count377
\c@savedlistd=\count378
\c@liste=\count379
\c@savedliste=\count380
\c@listf=\count381
\c@savedlistf=\count382
\c@location=\count383
\c@savedlocation=\count384
\c@organization=\count385
\c@savedorganization=\count386
\c@origlocation=\count387
\c@savedoriglocation=\count388
\c@origpublisher=\count389
\c@savedorigpublisher=\count390
\c@publisher=\count391
\c@savedpublisher=\count392
\c@language=\count393
\c@savedlanguage=\count394
\c@origlanguage=\count395
\c@savedoriglanguage=\count396
\c@pageref=\count397
\c@savedpageref=\count398
\shorthandwidth=\skip65
\shortjournalwidth=\skip66
\shortserieswidth=\skip67
\shorttitlewidth=\skip68
\shortauthorwidth=\skip69
\shorteditorwidth=\skip70
\locallabelnumberwidth=\skip71
\locallabelalphawidth=\skip72
\localshorthandwidth=\skip73
\localshortjournalwidth=\skip74
\localshortserieswidth=\skip75
\localshorttitlewidth=\skip76
\localshortauthorwidth=\skip77
\localshorteditorwidth=\skip78


/usr/share/texlive/texmf-dist/tex/latex/biblatex/biblatex.sty:12630: LaTeX Error: Command \citename already defined.
               Or name \end... illegal, see p.192 of the manual.

See the LaTeX manual or LaTeX Companion for explanation.
Type  H <return>  for immediate help.
 ...                                              
                                                  
l.12630 ...*{\citename}{\blx@citexpunct{citename}}
                                                  
Your command was ignored.
Type  I <command> <return>  to replace it with another command,
or  <return>  to continue without it.


/usr/share/texlive/texmf-dist/tex/latex/biblatex/biblatex.sty:12727: LaTeX Error: Command \textcite already defined.
               Or name \end... illegal, see p.192 of the manual.

See the LaTeX manual or LaTeX Companion for explanation.
Type  H <return>  for immediate help.
 ...                                              
                                                  
l.12727 ...tcite}{\blx@warn@citecmd\textcite\cite}
                                                  
Your command was ignored.
Type  I <command> <return>  to replace it with another command,
or  <return>  to continue without it.

Package biblatex Info: Trying to load compatibility code...
Package biblatex Info: ... file 'blx-compat.def' found.
(/usr/share/texlive/texmf-dist/tex/latex/biblatex/blx-compat.def
File: blx-compat.def 2023/03/05 v3.19 biblatex compatibility (PK/MW)
)
Package biblatex Info: Trying to load generic definitions...
Package biblatex Info: ... file 'biblatex.def' found.
 (/usr/share/texlive/texmf-dist/tex/latex/biblatex/biblatex.def
File: biblatex.def 2023/03/05 v3.19 biblatex compatibility (PK/MW)
\c@textcitecount=\count399
\c@textcitetotal=\count400
\c@textcitemaxnames=\count401
\c@biburlbigbreakpenalty=\count402
\c@biburlbreakpenalty=\count403
\c@biburlnumpenalty=\count404
\c@biburlucpenalty=\count405
\c@biburllcpenalty=\count406
\biburlbigskip=\muskip18
\biburlnumskip=\muskip19
\biburlucskip=\muskip20
\biburllcskip=\muskip21


/usr/share/texlive/texmf-dist/tex/latex/biblatex/biblatex.def:339: LaTeX Error: Command \bibfont already defined.
               Or name \end... illegal, see p.192 of the manual.

See the LaTeX manual or LaTeX Companion for explanation.
Type  H <return>  for immediate help.
 ...                                              
                                                  
l.339 ...ommand*{\bibfont}{\normalfont\normalsize}
                                                  
Your command was ignored.
Type  I <command> <return>  to replace it with another command,
or  <return>  to continue without it.

\c@smartand=\count407

Package biblatex Warning: Redefining '\citeauthor'.


Package biblatex Warning: Redefining '\citeyear'.


/usr/share/texlive/texmf-dist/tex/latex/biblatex/biblatex.def:2306: LaTeX Error: Command \Citeauthor already defined.
               Or name \end... illegal, see p.192 of the manual.

See the LaTeX manual or LaTeX Companion for explanation.
Type  H <return>  for immediate help.
 ...                                              
                                                  
l.2306 ...e\citeauthor*}{\bibsentence\citeauthor}}
                                                  
Your command was ignored.
Type  I <command> <return>  to replace it with another command,
or  <return>  to continue without it.

)
Package biblatex Info: Trying to load bibliography style 'numeric'...
Package biblatex Info: ... file 'numeric.bbx' found.
 (/usr/share/texlive/texmf-dist/tex/latex/biblatex/bbx/numeric.bbx
File: numeric.bbx 2023/03/05 v3.19 biblatex bibliography style (PK/MW)
Package biblatex Info: Trying to load bibliography style 'standard'...
Package biblatex Info: ... file 'standard.bbx' found.
 (/usr/share/texlive/texmf-dist/tex/latex/biblatex/bbx/standard.bbx
File: standard.bbx 2023/03/05 v3.19 biblatex bibliography style (PK/MW)
\c@bbx:relatedcount=\count408
\c@bbx:relatedtotal=\count409
))
Package biblatex Info: Trying to load citation style 'numeric'...
Package biblatex Info: ... file 'numeric.cbx' found.
 (/usr/share/texlive/texmf-dist/tex/latex/biblatex/cbx/numeric.cbx
File: numeric.cbx 2023/03/05 v3.19 biblatex citation style (PK/MW)
Package biblatex Info: Redefining '\cite'.
Package biblatex Info: Redefining '\parencite'.
Package biblatex Info: Redefining '\footcite'.
Package biblatex Info: Redefining '\footcitetext'.
Package biblatex Info: Redefining '\smartcite'.
Package biblatex Info: Redefining '\supercite'.
Package biblatex Info: Redefining '\textcite'.
Package biblatex Info: Redefining '\textcites'.
Package biblatex Info: Redefining '\cites'.
Package biblatex Info: Redefining '\parencites'.
Package biblatex Info: Redefining '\smartcites'.
)
Package biblatex Info: Trying to load configuration file...
Package biblatex Info: ... file 'biblatex.cfg' found.
 (/usr/share/texlive/texmf-dist/tex/latex/biblatex/biblatex.cfg
File: biblatex.cfg 
)
Package biblatex Info: Input encoding 'utf8' detected.
Package biblatex Info: Document encoding is UTF8 ....
 (/usr/share/texlive/texmf-dist/tex/latex/l3kernel/expl3.sty
Package: expl3 2024-01-22 L3 programming layer (loader) 
 (/usr/share/texlive/texmf-dist/tex/latex/l3backend/l3backend-pdftex.def
File: l3backend-pdftex.def 2024-01-04 L3 backend support: PDF output (pdfTeX)
\l__color_backend_stack_int=\count410
\l__pdf_internal_box=\box70
))
Package biblatex Info: ... and expl3
(biblatex)             2024-01-22 L3 programming layer (loader) 
(biblatex)             is new enough (at least 2020/04/06),
(biblatex)             setting 'casechanger=expl3'.
 (/usr/share/texlive/texmf-dist/tex/latex/biblatex/blx-case-expl3.sty (/usr/share/texlive/texmf-dist/tex/latex/l3packages/xparse/xparse.sty
Package: xparse 2023-10-10 L3 Experimental document command parser
)
Package: blx-case-expl3 2023/03/05 v3.19 expl3 case changing code for biblatex
)) (/usr/share/texlive/texmf-dist/tex/latex/tools/bm.sty
Package: bm 2023/07/08 v1.2f Bold Symbol Support (DPC/FMi)
\symboldoperators=\mathgroup6
\symboldletters=\mathgroup7
\symboldsymbols=\mathgroup8
Package bm Info: No bold for \OMX/cmex/m/n, using \pmb.
Package bm Info: No bold for \U/msa/m/n, using \pmb.
Package bm Info: No bold for \U/msb/m/n, using \pmb.
LaTeX Font Info:    Redeclaring math alphabet \mathbf on input line 149.
LaTeX Info: Redefining \bm on input line 219.
)
Class revtex4-2 Info: Unrecognized array package. Please update this document class! (Proceeding with fingers crossed.) on input line 36.
Class revtex4-2 Info: cite was not loaded (OK!) on input line 36.
Class revtex4-2 Info: mcite was not loaded (OK!) on input line 36.
Class revtex4-2 Info: multicol was not loaded (OK!) on input line 36.


/home/mazroj/Documents/JupyterNotebooks/Sociophysics/Rise of an alternative majority against mass media in an opinion formation model/template.tex:36: Package biblatex Error: Patching \addtocontents failed.

See the biblatex package documentation for explanation.
Type  H <return>  for immediate help.
 ...                                              
                                                  
l.36 \begin{document}
                     
This is an internal issue typically caused by a conflict
between biblatex and some other package. Modifying
the package loading order may fix the problem.


Package biblatex Warning: Patching footnotes failed.
(biblatex)                Footnote detection will not work.


Package biblatex Warning: 'babel/polyglossia' detected but 'csquotes' missing.
(biblatex)                Loading 'csquotes' recommended.

\@quotelevel=\count411
\@quotereset=\count412
No file template.aux.
\openout1 = `template.aux'.

LaTeX Font Info:    Checking defaults for OML/cmm/m/it on input line 36.
LaTeX Font Info:    ... okay on input line 36.
LaTeX Font Info:    Checking defaults for OMS/cmsy/m/n on input line 36.
LaTeX Font Info:    ... okay on input line 36.
LaTeX Font Info:    Checking defaults for OT1/cmr/m/n on input line 36.
LaTeX Font Info:    ... okay on input line 36.
LaTeX Font Info:    Checking defaults for T1/cmr/m/n on input line 36.
LaTeX Font Info:    ... okay on input line 36.
LaTeX Font Info:    Checking defaults for TS1/cmr/m/n on input line 36.
LaTeX Font Info:    ... okay on input line 36.
LaTeX Font Info:    Checking defaults for OMX/cmex/m/n on input line 36.
LaTeX Font Info:    ... okay on input line 36.
LaTeX Font Info:    Checking defaults for U/cmr/m/n on input line 36.
LaTeX Font Info:    ... okay on input line 36.
(/usr/share/texlive/texmf-dist/tex/context/base/mkii/supp-pdf.mkii
[Loading MPS to PDF converter (version 2006.09.02).]
\scratchcounter=\count413
\scratchdimen=\dimen154
\scratchbox=\box71
\nofMPsegments=\count414
\nofMParguments=\count415
\everyMPshowfont=\toks29
\MPscratchCnt=\count416
\MPscratchDim=\dimen155
\MPnumerator=\count417
\makeMPintoPDFobject=\count418
\everyMPtoPDFconversion=\toks30
) (/usr/share/texlive/texmf-dist/tex/latex/epstopdf-pkg/epstopdf-base.sty
Package: epstopdf-base 2020-01-24 v2.11 Base part for package epstopdf
Package epstopdf-base Info: Redefining graphics rule for `.eps' on input line 485.
 (/usr/share/texlive/texmf-dist/tex/latex/latexconfig/epstopdf-sys.cfg
File: epstopdf-sys.cfg 2010/07/13 v1.3 Configuration of (r)epstopdf for TeX Live
))
Package biblatex Info: Trying to load language 'english'...
Package biblatex Info: ... file 'english.lbx' found.
 (/usr/share/texlive/texmf-dist/tex/latex/biblatex/lbx/english.lbx
File: english.lbx 2023/03/05 v3.19 biblatex localization (PK/MW)
)
Package biblatex Info: Input encoding 'utf8' detected.
Package biblatex Info: Automatic encoding selection.
(biblatex)             Assuming data encoding 'utf8'.
\openout4 = `template.bcf'.

Package biblatex Info: Trying to load bibliographic data...
Package biblatex Info: ... file 'template.bbl' found.
 (./template.bbl)
Package biblatex Info: Reference section=0 on input line 36.
Package biblatex Info: Reference segment=0 on input line 36.
\openout3 = `templateNotes.bib'.

LaTeX Font Info:    Trying to load font information for U+msa on input line 55.
 (/usr/share/texlive/texmf-dist/tex/latex/amsfonts/umsa.fd
File: umsa.fd 2013/01/14 v3.01 AMS symbols A
)
LaTeX Font Info:    Trying to load font information for U+msb on input line 55.
 (/usr/share/texlive/texmf-dist/tex/latex/amsfonts/umsb.fd
File: umsb.fd 2013/01/14 v3.01 AMS symbols B
)

LaTeX Warning: Reference `fig:flux_diagram_1' on page 1 undefined on input line 82.

<images/Screenshot from 2024-08-21 11-15-28.png, id=1, 887.315pt x 524.96124pt>
File: images/Screenshot from 2024-08-21 11-15-28.png Graphic file (type png)
<use images/Screenshot from 2024-08-21 11-15-28.png>
Package pdftex.def Info: images/Screenshot from 2024-08-21 11-15-28.png  used on input line 85.
(pdftex.def)             Requested size: 246.0pt x 145.53828pt.

LaTeX Warning: Reference `fig:sigma_prop_vs_tolerance_i0' on page 1 undefined on input line 100.

[1{/var/lib/texmf/fonts/map/pdftex/updmap/pdftex.map} <./images/Screenshot from 2024-08-21 11-15-28.png>]
<images/profile_intensity0.png, id=21, 462.528pt x 346.896pt>
File: images/profile_intensity0.png Graphic file (type png)
<use images/profile_intensity0.png>
Package pdftex.def Info: images/profile_intensity0.png  used on input line 104.
(pdftex.def)             Requested size: 208.13567pt x 156.10175pt.


LaTeX Warning: Reference `fig:conbined_plot' on page 2 undefined on input line 109.

<images/combinened_logplot_prop80-99-50.png, id=22, 1084.05pt x 361.35pt>
File: images/combinened_logplot_prop80-99-50.png Graphic file (type png)
<use images/combinened_logplot_prop80-99-50.png>
Package pdftex.def Info: images/combinened_logplot_prop80-99-50.png  used on input line 113.
(pdftex.def)             Requested size: 542.02368pt x 180.67456pt.

Overfull \hbox (32.02368pt too wide) in paragraph at lines 113--114
 [][] 
 []

<images/global_prop_vs_mu_n1000_p100_i050.png, id=23, 578.16pt x 433.62pt>
File: images/global_prop_vs_mu_n1000_p100_i050.png Graphic file (type png)
<use images/global_prop_vs_mu_n1000_p100_i050.png>
Package pdftex.def Info: images/global_prop_vs_mu_n1000_p100_i050.png  used on input line 121.
(pdftex.def)             Requested size: 260.16959pt x 195.1272pt.

Overfull \hbox (14.16959pt too wide) in paragraph at lines 121--122
 [][] 
 []

<images/log_sigma_prop_vs_mu_b05.png, id=24, 452.55473pt x 372.47958pt>
File: images/log_sigma_prop_vs_mu_b05.png Graphic file (type png)
<use images/log_sigma_prop_vs_mu_b05.png>
Package pdftex.def Info: images/log_sigma_prop_vs_mu_b05.png  used on input line 128.
(pdftex.def)             Requested size: 203.64775pt x 167.61426pt.
/home/mazroj/Documents/JupyterNotebooks/Sociophysics/Rise of an alternative majority against mass media in an opinion formation model/template.tex:129: Missing $ inserted.
<inserted text> 
                $
l.129 ... fixed value of intensity $\beta = 0.5$.}
                                                  
I've inserted a begin-math/end-math symbol since I think
you left one out. Proceed, with fingers crossed.

/home/mazroj/Documents/JupyterNotebooks/Sociophysics/Rise of an alternative majority against mass media in an opinion formation model/template.tex:129: Missing $ inserted.
<inserted text> 
                $
l.129 ... fixed value of intensity $\beta = 0.5$.}
                                                  
I've inserted a begin-math/end-math symbol since I think
you left one out. Proceed, with fingers crossed.

/home/mazroj/Documents/JupyterNotebooks/Sociophysics/Rise of an alternative majority against mass media in an opinion formation model/template.tex:129: Missing $ inserted.
<inserted text> 
                $
l.129 ... fixed value of intensity $\beta = 0.5$.}
                                                  
I've inserted a begin-math/end-math symbol since I think
you left one out. Proceed, with fingers crossed.

/home/mazroj/Documents/JupyterNotebooks/Sociophysics/Rise of an alternative majority against mass media in an opinion formation model/template.tex:129: Missing $ inserted.
<inserted text> 
                $
l.129 ... fixed value of intensity $\beta = 0.5$.}
                                                  
I've inserted a begin-math/end-math symbol since I think
you left one out. Proceed, with fingers crossed.

<images/sigma_prop_vs_mu_b08.png, id=25, 578.16pt x 433.62pt>
File: images/sigma_prop_vs_mu_b08.png Graphic file (type png)
<use images/sigma_prop_vs_mu_b08.png>
Package pdftex.def Info: images/sigma_prop_vs_mu_b08.png  used on input line 135.
(pdftex.def)             Requested size: 260.16959pt x 195.1272pt.

Overfull \hbox (14.16959pt too wide) in paragraph at lines 135--136
 [][] 
 []

<images/log_sigma_prop_vs_mu_b08.png, id=26, 578.16pt x 433.62pt>
File: images/log_sigma_prop_vs_mu_b08.png Graphic file (type png)
<use images/log_sigma_prop_vs_mu_b08.png>
Package pdftex.def Info: images/log_sigma_prop_vs_mu_b08.png  used on input line 141.
(pdftex.def)             Requested size: 260.16959pt x 195.1272pt.

Overfull \hbox (14.16959pt too wide) in paragraph at lines 141--142
 [][] 
 []

/home/mazroj/Documents/JupyterNotebooks/Sociophysics/Rise of an alternative majority against mass media in an opinion formation model/template.tex:142: Missing $ inserted.
<inserted text> 
                $
l.142 ... fixed value of intensity $\beta = 0.8$.}
                                                  
I've inserted a begin-math/end-math symbol since I think
you left one out. Proceed, with fingers crossed.

/home/mazroj/Documents/JupyterNotebooks/Sociophysics/Rise of an alternative majority against mass media in an opinion formation model/template.tex:142: Missing $ inserted.
<inserted text> 
                $
l.142 ... fixed value of intensity $\beta = 0.8$.}
                                                  
I've inserted a begin-math/end-math symbol since I think
you left one out. Proceed, with fingers crossed.

/home/mazroj/Documents/JupyterNotebooks/Sociophysics/Rise of an alternative majority against mass media in an opinion formation model/template.tex:142: Missing $ inserted.
<inserted text> 
                $
l.142 ... fixed value of intensity $\beta = 0.8$.}
                                                  
I've inserted a begin-math/end-math symbol since I think
you left one out. Proceed, with fingers crossed.

/home/mazroj/Documents/JupyterNotebooks/Sociophysics/Rise of an alternative majority against mass media in an opinion formation model/template.tex:142: Missing $ inserted.
<inserted text> 
                $
l.142 ... fixed value of intensity $\beta = 0.8$.}
                                                  
I've inserted a begin-math/end-math symbol since I think
you left one out. Proceed, with fingers crossed.

<images/sigma_prop_vs_mu_n1000_p100_i09.png, id=27, 578.16pt x 433.62pt>
File: images/sigma_prop_vs_mu_n1000_p100_i09.png Graphic file (type png)
<use images/sigma_prop_vs_mu_n1000_p100_i09.png>
Package pdftex.def Info: images/sigma_prop_vs_mu_n1000_p100_i09.png  used on input line 149.
(pdftex.def)             Requested size: 260.16959pt x 195.1272pt.

Overfull \hbox (14.16959pt too wide) in paragraph at lines 149--150
 [][] 
 []

<images/log_sigma_prop_vs_mu_n1000_p100_i09.png, id=28, 578.16pt x 433.62pt>
File: images/log_sigma_prop_vs_mu_n1000_p100_i09.png Graphic file (type png)
<use images/log_sigma_prop_vs_mu_n1000_p100_i09.png>
Package pdftex.def Info: images/log_sigma_prop_vs_mu_n1000_p100_i09.png  used on input line 155.
(pdftex.def)             Requested size: 260.16959pt x 195.1272pt.

Overfull \hbox (14.16959pt too wide) in paragraph at lines 155--156
 [][] 
 []

/home/mazroj/Documents/JupyterNotebooks/Sociophysics/Rise of an alternative majority against mass media in an opinion formation model/template.tex:156: Missing $ inserted.
<inserted text> 
                $
l.156 ... fixed value of intensity $\beta = 0.9$.}
                                                  
I've inserted a begin-math/end-math symbol since I think
you left one out. Proceed, with fingers crossed.

/home/mazroj/Documents/JupyterNotebooks/Sociophysics/Rise of an alternative majority against mass media in an opinion formation model/template.tex:156: Missing $ inserted.
<inserted text> 
                $
l.156 ... fixed value of intensity $\beta = 0.9$.}
                                                  
I've inserted a begin-math/end-math symbol since I think
you left one out. Proceed, with fingers crossed.

/home/mazroj/Documents/JupyterNotebooks/Sociophysics/Rise of an alternative majority against mass media in an opinion formation model/template.tex:156: Missing $ inserted.
<inserted text> 
                $
l.156 ... fixed value of intensity $\beta = 0.9$.}
                                                  
I've inserted a begin-math/end-math symbol since I think
you left one out. Proceed, with fingers crossed.

/home/mazroj/Documents/JupyterNotebooks/Sociophysics/Rise of an alternative majority against mass media in an opinion formation model/template.tex:156: Missing $ inserted.
<inserted text> 
                $
l.156 ... fixed value of intensity $\beta = 0.9$.}
                                                  
I've inserted a begin-math/end-math symbol since I think
you left one out. Proceed, with fingers crossed.

<images/sigma_prop_vs_mu_n1000_p100_i100.png, id=29, 578.16pt x 433.62pt>
File: images/sigma_prop_vs_mu_n1000_p100_i100.png Graphic file (type png)
<use images/sigma_prop_vs_mu_n1000_p100_i100.png>
Package pdftex.def Info: images/sigma_prop_vs_mu_n1000_p100_i100.png  used on input line 162.
(pdftex.def)             Requested size: 260.16959pt x 195.1272pt.

Overfull \hbox (14.16959pt too wide) in paragraph at lines 162--163
 [][] 
 []

<images/logsigma_prop_vs_mu_n1000_p100_i100.png, id=30, 578.16pt x 433.62pt>
File: images/logsigma_prop_vs_mu_n1000_p100_i100.png Graphic file (type png)
<use images/logsigma_prop_vs_mu_n1000_p100_i100.png>
Package pdftex.def Info: images/logsigma_prop_vs_mu_n1000_p100_i100.png  used on input line 168.
(pdftex.def)             Requested size: 260.16959pt x 195.1272pt.

Overfull \hbox (14.16959pt too wide) in paragraph at lines 168--169
 [][] 
 []

/home/mazroj/Documents/JupyterNotebooks/Sociophysics/Rise of an alternative majority against mass media in an opinion formation model/template.tex:169: Missing $ inserted.
<inserted text> 
                $
l.169 ... fixed value of intensity $\beta = 1.0$.}
                                                  
I've inserted a begin-math/end-math symbol since I think
you left one out. Proceed, with fingers crossed.

/home/mazroj/Documents/JupyterNotebooks/Sociophysics/Rise of an alternative majority against mass media in an opinion formation model/template.tex:169: Missing $ inserted.
<inserted text> 
                $
l.169 ... fixed value of intensity $\beta = 1.0$.}
                                                  
I've inserted a begin-math/end-math symbol since I think
you left one out. Proceed, with fingers crossed.

/home/mazroj/Documents/JupyterNotebooks/Sociophysics/Rise of an alternative majority against mass media in an opinion formation model/template.tex:169: Missing $ inserted.
<inserted text> 
                $
l.169 ... fixed value of intensity $\beta = 1.0$.}
                                                  
I've inserted a begin-math/end-math symbol since I think
you left one out. Proceed, with fingers crossed.

/home/mazroj/Documents/JupyterNotebooks/Sociophysics/Rise of an alternative majority against mass media in an opinion formation model/template.tex:169: Missing $ inserted.
<inserted text> 
                $
l.169 ... fixed value of intensity $\beta = 1.0$.}
                                                  
I've inserted a begin-math/end-math symbol since I think
you left one out. Proceed, with fingers crossed.


LaTeX Warning: Empty bibliography on input line 180.


/home/mazroj/Documents/JupyterNotebooks/Sociophysics/Rise of an alternative majority against mass media in an opinion formation model/template.tex:182: LaTeX Error: Can be used only in preamble.

See the LaTeX manual or LaTeX Companion for explanation.
Type  H <return>  for immediate help.
 ...                                              
                                                  
l.182 \end{document}
                    
Your command was ignored.
Type  I <command> <return>  to replace it with another command,
or  <return>  to continue without it.

Package logreq Info: Writing requests to 'template.run.xml'.
\openout1 = `template.run.xml'.

[2
\@writefile{lof}{\contentsline {figure}{\numberline {2}{\ignorespaces Profile of $S_{max}$ against normalized tolerance $\mu /p$ for a fixed intensity of mass media $\beta =0$.}}{2}{}}
\newlabel{fig:sigma_prop_vs_tolerance_i0}{{2}{2}{}{}{}}
\@writefile{toc}{\contentsline {section}{\numberline {III}Results and Discussion}{2}{}}
\@writefile{toc}{\contentsline {section}{\numberline {IV}Conclusions}{2}{}}
 <./images/profile_intensity0.png>] [3
\@writefile{lof}{\contentsline {figure}{\numberline {3}{\ignorespaces Heat maps of the $\log {\sigma }$ in function of parameters: $\mu /p$ and $\beta $, normalized tolerance and mass media intensity respectively. Each plot uses different values of the mass media state : $80$, $99$, $50$ respectively from left to right.}}{3}{}}
\newlabel{fig:combined_plot}{{3}{3}{}{}{}}
\@writefile{lof}{\contentsline {figure}{\numberline {4}{\ignorespaces Heat map of $\sigma $ in function of normalized tolerance $\mu /p$ and the mass media state for fixed value of intensity $\beta = 0.5$.}}{3}{}}
\newlabel{fig:sigma_prop_vs_tolerance_i05}{{4}{3}{}{}{}}
 <./images/combinened_logplot_prop80-99-50.png> <./images/global_prop_vs_mu_n1000_p100_i050.png>] [4
\@writefile{lof}{\contentsline {figure}{\numberline {5}{\ignorespaces Heat map of \log ($\sigma $) in function of normalized tolerance $\mu /p$ and the mass media state for fixed value of intensity $\beta = 0.5$.}}{4}{}}
\newlabel{fig:logsigma_prop_vs_tolerance_i05}{{5}{4}{}{}{}}
\@writefile{lof}{\contentsline {figure}{\numberline {6}{\ignorespaces Heat map of $\sigma $ in function of normalized tolerance $\mu /p$ and the mass media state for fixed value of intensity $\beta = 0.8$.}}{4}{}}
\newlabel{fig:sigma_prop_vs_tolerance_i08}{{6}{4}{}{}{}}
 <./images/log_sigma_prop_vs_mu_b05.png> <./images/sigma_prop_vs_mu_b08.png>] [5
\@writefile{lof}{\contentsline {figure}{\numberline {7}{\ignorespaces Heat map of \log ($\sigma $) in function of normalized tolerance $\mu /p$ and the mass media state for fixed value of intensity $\beta = 0.8$.}}{5}{}}
\newlabel{fig:logsigma_prop_vs_tolerance_i08}{{7}{5}{}{}{}}
\@writefile{lof}{\contentsline {figure}{\numberline {8}{\ignorespaces Heat map of $\sigma $ in function of normalized tolerance $\mu /p$ and the mass media state for fixed value of intensity $\beta = 0.9$.}}{5}{}}
\newlabel{fig:sigma_prop_vs_tolerance_i09}{{8}{5}{}{}{}}
 <./images/log_sigma_prop_vs_mu_b08.png> <./images/sigma_prop_vs_mu_n1000_p100_i09.png>] [6
\@writefile{lof}{\contentsline {figure}{\numberline {9}{\ignorespaces Heat map of \log ($\sigma $) in function of normalized tolerance $\mu /p$ and the mass media state for fixed value of intensity $\beta = 0.9$.}}{6}{}}
\newlabel{fig:logsigma_prop_vs_tolerance_i09}{{9}{6}{}{}{}}
\@writefile{lof}{\contentsline {figure}{\numberline {10}{\ignorespaces Heat map of $\sigma $ in function of normalized tolerance $\mu /p$ and the mass media state for fixed value of intensity $\beta = 1.0$.}}{6}{}}
\newlabel{fig:sigma_prop_vs_tolerance_i10}{{10}{6}{}{}{}}
 <./images/log_sigma_prop_vs_mu_n1000_p100_i09.png> <./images/sigma_prop_vs_mu_n1000_p100_i100.png>] [7
\@writefile{lof}{\contentsline {figure}{\numberline {11}{\ignorespaces Heat map of \log ($\sigma $) in function of normalized tolerance $\mu /p$ and the mass media state for fixed value of intensity $\beta = 1.0$.}}{7}{}}
\newlabel{fig:logsigma_prop_vs_tolerance_i10}{{11}{7}{}{}{}}
 <./images/logsigma_prop_vs_mu_n1000_p100_i100.png>]
\newlabel{LastPage}{{}{7}{}{}{}}
\abx@aux@read@bbl@mdfivesum{nohash}
\abx@aux@read@bblrerun
\gdef \@abspage@last{7}
(./template.aux)
 ***********
LaTeX2e <2023-11-01> patch level 1
L3 programming layer <2024-01-22>
 ***********


LaTeX Warning: There were undefined references.


LaTeX Warning: Label(s) may have changed. Rerun to get cross-references right.

 ) 
Here is how much of TeX's memory you used:
 13682 strings out of 476106
 243345 string characters out of 5793933
 1940975 words of memory out of 5000000
 35551 multiletter control sequences out of 15000+600000
 568423 words of font info for 74 fonts, out of 8000000 for 9000
 59 hyphenation exceptions out of 8191
 71i,7n,81p,1003b,803s stack positions out of 10000i,1000n,20000p,200000b,200000s
</usr/share/texlive/texmf-dist/fonts/type1/public/amsfonts/cm/cmbx10.pfb></usr/share/texlive/texmf-dist/fonts/type1/public/amsfonts/cm/cmbx12.pfb></usr/share/texlive/texmf-dist/fonts/type1/public/amsfonts/cm/cmbx9.pfb></usr/share/texlive/texmf-dist/fonts/type1/public/amsfonts/cm/cmmi10.pfb></usr/share/texlive/texmf-dist/fonts/type1/public/amsfonts/cm/cmmi6.pfb></usr/share/texlive/texmf-dist/fonts/type1/public/amsfonts/cm/cmmi7.pfb></usr/share/texlive/texmf-dist/fonts/type1/public/amsfonts/cm/cmmi9.pfb></usr/share/texlive/texmf-dist/fonts/type1/public/amsfonts/cm/cmr10.pfb></usr/share/texlive/texmf-dist/fonts/type1/public/amsfonts/cm/cmr6.pfb></usr/share/texlive/texmf-dist/fonts/type1/public/amsfonts/cm/cmr7.pfb></usr/share/texlive/texmf-dist/fonts/type1/public/amsfonts/cm/cmr9.pfb></usr/share/texlive/texmf-dist/fonts/type1/public/amsfonts/cm/cmsy10.pfb></usr/share/texlive/texmf-dist/fonts/type1/public/amsfonts/cm/cmti9.pfb>
Output written on template.pdf (7 pages, 1864031 bytes).
PDF statistics:
 116 PDF objects out of 1000 (max. 8388607)
 58 compressed objects within 1 object stream
 0 named destinations out of 1000 (max. 500000)
 56 words of extra memory for PDF output out of 10000 (max. 10000000)

